  airtank.cpp
  client.cpp
  crossbow.cpp
  crowbar.cpp
  egon.cpp
  func_tank.cpp
  gamerules.cpp
  gauss.cpp
  h_cycler.cpp
  handgrenade.cpp
  healthkit.cpp
  hornetgun.cpp
  items.cpp
  maprules.cpp
  mp5.cpp
  multiplay_gamerules.cpp
  observer.cpp
  player.cpp
  python.cpp
  rpg.cpp
  Compiling...
  satchel.cpp
  shotgun.cpp
  singleplay_gamerules.cpp
  sound.cpp
  squeakgrenade.cpp
  teamplay_gamerules.cpp
  triggers.cpp
  tripmine.cpp
  util.cpp
  weapons.cpp
  world.cpp
  hl_wpn_glock.cpp
  voice_gamemgr.cpp
     Creating library Release\hldll\hl.lib and object Release\hldll\hl.exp
  Generating code
  Finished generating code
  hldll.vcxproj -> C:\Program Files (x86)\Steam\steamapps\common\Half-Life\HLTopDown\sourcecode\projects\vs2013\Release\hldll\hl.dll
          1 file(s) copied.
          1 file(s) copied.
